#
# There is insufficient memory for the Java Runtime Environment to continue.
# Native memory allocation (mmap) failed to map 65536 bytes. Error detail: Failed to commit metaspace.
# Possible reasons:
#   The system is out of physical RAM or swap space
#   This process is running with CompressedOops enabled, and the Java Heap may be blocking the growth of the native heap
# Possible solutions:
#   Reduce memory load on the system
#   Increase physical memory or swap space
#   Check if swap backing store is full
#   Decrease Java heap size (-Xmx/-Xms)
#   Decrease number of Java threads
#   Decrease Java thread stack sizes (-Xss)
#   Set larger code cache with -XX:ReservedCodeCacheSize=
#   JVM is running with Zero Based Compressed Oops mode in which the Java heap is
#     placed in the first 32GB address space. The Java Heap base address is the
#     maximum limit for the native heap growth. Please use -XX:HeapBaseMinAddress
#     to set the Java Heap base and to place the Java Heap above 32GB virtual address.
# This output file may be truncated or incomplete.
#
#  Out of Memory Error (virtualSpaceNode.cpp:110), pid=12648, tid=12712
#
# JRE version: OpenJDK Runtime Environment JBR-17.0.11+1-1207.24-jcef (17.0.11+1) (build 17.0.11+1-b1207.24)
# Java VM: OpenJDK 64-Bit Server VM JBR-17.0.11+1-1207.24-jcef (17.0.11+1-b1207.24, mixed mode, tiered, compressed oops, compressed class ptrs, g1 gc, windows-amd64)
# No core dump will be written. Minidumps are not enabled by default on client versions of Windows
#

---------------  S U M M A R Y ------------

Command Line: git4idea.http.GitAskPassApp Username for 'https://github.com': 

Host: Intel(R) Core(TM) i7-10700 CPU @ 2.90GHz, 16 cores, 31G,  Windows 10 , 64 bit Build 19041 (10.0.19041.5438)
Time: Tue Jan 13 12:51:34 2026  Windows 10 , 64 bit Build 19041 (10.0.19041.5438) elapsed time: 1.066254 seconds (0d 0h 0m 1s)

---------------  T H R E A D  ---------------

Current thread (0x000001d473599010):  JavaThread "HttpClient-1-Worker-0" daemon [_thread_in_vm, id=12712, stack(0x00000067f2c00000,0x00000067f2d00000)]

Stack: [0x00000067f2c00000,0x00000067f2d00000]
Native frames: (J=compiled Java code, j=interpreted, Vv=VM code, C=native code)
V  [jvm.dll+0x6877f9]
V  [jvm.dll+0x8411aa]
V  [jvm.dll+0x842e2e]
V  [jvm.dll+0x843493]
V  [jvm.dll+0x249fdf]
V  [jvm.dll+0x83c03b]
V  [jvm.dll+0x62bc86]
V  [jvm.dll+0x1c2b5e]
V  [jvm.dll+0x62e5e1]
V  [jvm.dll+0x62c626]
V  [jvm.dll+0x24708c]
V  [jvm.dll+0x6df1bd]
V  [jvm.dll+0x6dfbff]
V  [jvm.dll+0x376d90]
V  [jvm.dll+0x375db4]
V  [jvm.dll+0x375d58]
V  [jvm.dll+0x385eea]
C  0x000001d45499b8ce

The last pc belongs to new (printed below).
Java frames: (J=compiled Java code, j=interpreted, Vv=VM code)
j  sun.security.provider.X509Factory.engineGenerateCertificate(Ljava/io/InputStream;)Ljava/security/cert/Certificate;+49 java.base@17.0.11
j  java.security.cert.CertificateFactory.generateCertificate(Ljava/io/InputStream;)Ljava/security/cert/Certificate;+5 java.base@17.0.11
j  sun.security.ssl.CertificateMessage$T13CertificateConsumer.checkServerCerts(Lsun/security/ssl/ClientHandshakeContext;Ljava/util/List;)[Ljava/security/cert/X509Certificate;+68 java.base@17.0.11
j  sun.security.ssl.CertificateMessage$T13CertificateConsumer.onConsumeCertificate(Lsun/security/ssl/ClientHandshakeContext;Lsun/security/ssl/CertificateMessage$T13CertificateMessage;)V+94 java.base@17.0.11
j  sun.security.ssl.CertificateMessage$T13CertificateConsumer.consume(Lsun/security/ssl/ConnectionContext;Ljava/nio/ByteBuffer;)V+78 java.base@17.0.11
j  sun.security.ssl.SSLHandshake.consume(Lsun/security/ssl/ConnectionContext;Ljava/nio/ByteBuffer;)V+13 java.base@17.0.11
j  sun.security.ssl.HandshakeContext.dispatch(BLjava/nio/ByteBuffer;)V+73 java.base@17.0.11
j  sun.security.ssl.SSLEngineImpl$DelegatedTask$DelegatedAction.run()Ljava/lang/Void;+60 java.base@17.0.11
j  sun.security.ssl.SSLEngineImpl$DelegatedTask$DelegatedAction.run()Ljava/lang/Object;+1 java.base@17.0.11
j  java.security.AccessController.executePrivileged(Ljava/security/PrivilegedExceptionAction;Ljava/security/AccessControlContext;Ljava/lang/Class;)Ljava/lang/Object;+29 java.base@17.0.11
j  java.security.AccessController.doPrivileged(Ljava/security/PrivilegedExceptionAction;Ljava/security/AccessControlContext;)Ljava/lang/Object;+13 java.base@17.0.11
j  sun.security.ssl.SSLEngineImpl$DelegatedTask.run()V+66 java.base@17.0.11
j  jdk.internal.net.http.common.SSLFlowDelegate$$Lambda$147+0x00000008001c1f40.accept(Ljava/lang/Object;)V+4 java.net.http@17.0.11
j  java.util.ArrayList.forEach(Ljava/util/function/Consumer;)V+46 java.base@17.0.11
j  jdk.internal.net.http.common.SSLFlowDelegate.lambda$executeTasks$3(Ljava/util/List;)V+43 java.net.http@17.0.11
j  jdk.internal.net.http.common.SSLFlowDelegate$$Lambda$146+0x00000008001c1cf8.run()V+8 java.net.http@17.0.11
j  jdk.internal.net.http.HttpClientImpl$DelegatingExecutor.execute(Ljava/lang/Runnable;)V+26 java.net.http@17.0.11
j  jdk.internal.net.http.common.SSLFlowDelegate.executeTasks(Ljava/util/List;)V+11 java.net.http@17.0.11
j  jdk.internal.net.http.common.SSLFlowDelegate.doHandshake(Ljdk/internal/net/http/common/SSLFlowDelegate$EngineResult;I)Z+154 java.net.http@17.0.11
j  jdk.internal.net.http.common.SSLFlowDelegate$Reader.processData()V+572 java.net.http@17.0.11
j  jdk.internal.net.http.common.SSLFlowDelegate$Reader$ReaderDownstreamPusher.run()V+4 java.net.http@17.0.11
j  jdk.internal.net.http.common.SequentialScheduler$LockingRestartableTask.run()V+34 java.net.http@17.0.11
j  jdk.internal.net.http.common.SequentialScheduler$CompleteRestartableTask.run(Ljdk/internal/net/http/common/SequentialScheduler$DeferredCompleter;)V+1 java.net.http@17.0.11
j  jdk.internal.net.http.common.SequentialScheduler$TryEndDeferredCompleter.complete()V+162 java.net.http@17.0.11
j  jdk.internal.net.http.common.SequentialScheduler$CompleteRestartableTask.run(Ljdk/internal/net/http/common/SequentialScheduler$DeferredCompleter;)V+5 java.net.http@17.0.11
j  jdk.internal.net.http.common.SequentialScheduler$SchedulableTask.run()V+14 java.net.http@17.0.11
j  java.util.concurrent.ThreadPoolExecutor.runWorker(Ljava/util/concurrent/ThreadPoolExecutor$Worker;)V+92 java.base@17.0.11
j  java.util.concurrent.ThreadPoolExecutor$Worker.run()V+5 java.base@17.0.11
j  java.lang.Thread.run()V+11 java.base@17.0.11
v  ~StubRoutines::call_stub
new  187 new  [0x000001d45499b740, 0x000001d45499b960]  544 bytes
[MachCode]
  0x000001d45499b740: 4883 ec08 | c5fa 1104 | 24eb 1f48 | 83ec 10c5 | fb11 0424 | eb14 4883 | ec10 4889 | 0424 48c7 
  0x000001d45499b760: 4424 0800 | 0000 00eb | 0150 410f | b755 010f | cac1 ea10 | 488b 4de8 | 488b 4908 | 488b 4908 
  0x000001d45499b780: 488b 4108 | 807c 1004 | 070f 85df | 0000 0066 | 8b54 d148 | 488b 4928 | 488b 4cd1 | 0851 80b9 
  0x000001d45499b7a0: 5b01 0000 | 040f 85c2 | 0000 008b | 5108 f7c2 | 0100 0000 | 0f85 b300 | 0000 498b | 8708 0100 
  0x000001d45499b7c0: 0048 8d1c | 1049 3b9f | 1801 0000 | 0f87 9b00 | 0000 4989 | 9f08 0100 | 00e9 0000 | 0000 4883 
  0x000001d45499b7e0: ea10 0f84 | 0f00 0000 | 33c9 c1ea | 0348 894c | d008 48ff | ca75 f648 | c700 0100 | 0000 5933 
  0x000001d45499b800: f689 700c | 49ba 0000 | 0000 0800 | 0000 492b | ca89 4808 | 49ba 693a | cc06 ff7f | 0000 4180 
  0x000001d45499b820: 3a00 0f84 | 4000 0000 | 5048 8bc8 | 4883 ec20 | f7c4 0f00 | 0000 0f84 | 1a00 0000 | 4883 ec08 
  0x000001d45499b840: 49ba 10e2 | 8106 ff7f | 0000 41ff | d248 83c4 | 08e9 0d00 | 0000 49ba | 10e2 8106 | ff7f 0000 
  0x000001d45499b860: 41ff d248 | 83c4 2058 | e9cd 0000 | 0059 488b | 55e8 488b | 5208 488b | 5208 450f | b745 0141 
  0x000001d45499b880: 0fc8 41c1 | e810 e805 | 0000 00e9 | aa00 0000 | 488d 4424 | 084c 896d | c049 8bcf | c5f8 7749 
  0x000001d45499b8a0: 89af a802 | 0000 4989 | 8798 0200 | 0048 83ec | 20f7 c40f | 0000 000f | 841a 0000 | 0048 83ec 
  0x000001d45499b8c0: 0849 ba60 | 5e4b 06ff | 7f00 0041 | ffd2 4883 | c408 e90d | 0000 0049 | ba60 5e4b | 06ff 7f00 
  0x000001d45499b8e0: 0041 ffd2 | 4883 c420 | 49c7 8798 | 0200 0000 | 0000 0049 | c787 a802 | 0000 0000 | 0000 49c7 
  0x000001d45499b900: 87a0 0200 | 0000 0000 | 00c5 f877 | 4981 7f08 | 0000 0000 | 0f84 0500 | 0000 e9e1 | 55fe ff49 
  0x000001d45499b920: 8b87 f002 | 0000 49c7 | 87f0 0200 | 0000 0000 | 004c 8b6d | c04c 8b75 | c8c3 410f | b65d 0349 
  0x000001d45499b940: 83c5 0349 | ba40 a7ce | 06ff 7f00 | 0041 ff24 | da0f 1f80 | 0000 0000 | 0000 0000 | 0000 0000 
[/MachCode]

---------------  P R O C E S S  ---------------

Threads class SMR info:
_java_thread_list=0x000001d4735e0d80, length=19, elements={
0x000001d449da4110, 0x000001d472ccc1f0, 0x000001d472ccd070, 0x000001d472d1dbf0,
0x000001d472d1e4c0, 0x000001d472d1ed90, 0x000001d472d39760, 0x000001d472d3a450,
0x000001d472d3ae50, 0x000001d472d3d860, 0x000001d472eb66e0, 0x000001d472ec7460,
0x000001d472edb010, 0x000001d4732d1560, 0x000001d4732a6020, 0x000001d4734e1eb0,
0x000001d473599010, 0x000001d4735d9c90, 0x000001d4735b2430
}

Java Threads: ( => current thread )
  0x000001d449da4110 JavaThread "main" [_thread_blocked, id=26816, stack(0x00000067f1400000,0x00000067f1500000)]
  0x000001d472ccc1f0 JavaThread "Reference Handler" daemon [_thread_blocked, id=22460, stack(0x00000067f1b00000,0x00000067f1c00000)]
  0x000001d472ccd070 JavaThread "Finalizer" daemon [_thread_blocked, id=21164, stack(0x00000067f1c00000,0x00000067f1d00000)]
  0x000001d472d1dbf0 JavaThread "Signal Dispatcher" daemon [_thread_blocked, id=25360, stack(0x00000067f1d00000,0x00000067f1e00000)]
  0x000001d472d1e4c0 JavaThread "Attach Listener" daemon [_thread_blocked, id=25004, stack(0x00000067f1e00000,0x00000067f1f00000)]
  0x000001d472d1ed90 JavaThread "Service Thread" daemon [_thread_blocked, id=27712, stack(0x00000067f1f00000,0x00000067f2000000)]
  0x000001d472d39760 JavaThread "Monitor Deflation Thread" daemon [_thread_blocked, id=3504, stack(0x00000067f2000000,0x00000067f2100000)]
  0x000001d472d3a450 JavaThread "C2 CompilerThread0" daemon [_thread_blocked, id=4144, stack(0x00000067f2100000,0x00000067f2200000)]
  0x000001d472d3ae50 JavaThread "C1 CompilerThread0" daemon [_thread_blocked, id=16516, stack(0x00000067f2200000,0x00000067f2300000)]
  0x000001d472d3d860 JavaThread "Sweeper thread" daemon [_thread_blocked, id=18540, stack(0x00000067f2300000,0x00000067f2400000)]
  0x000001d472eb66e0 JavaThread "C1 CompilerThread1" daemon [_thread_blocked, id=26416, stack(0x00000067f2400000,0x00000067f2500000)]
  0x000001d472ec7460 JavaThread "Notification Thread" daemon [_thread_blocked, id=3968, stack(0x00000067f2500000,0x00000067f2600000)]
  0x000001d472edb010 JavaThread "Common-Cleaner" daemon [_thread_blocked, id=9696, stack(0x00000067f2700000,0x00000067f2800000)]
  0x000001d4732d1560 JavaThread "C1 CompilerThread2" daemon [_thread_blocked, id=27000, stack(0x00000067f2800000,0x00000067f2900000)]
  0x000001d4732a6020 JavaThread "C1 CompilerThread3" daemon [_thread_blocked, id=27852, stack(0x00000067f2900000,0x00000067f2a00000)]
  0x000001d4734e1eb0 JavaThread "HttpClient-1-SelectorManager" daemon [_thread_in_native, id=28644, stack(0x00000067f2a00000,0x00000067f2b00000)]
=>0x000001d473599010 JavaThread "HttpClient-1-Worker-0" daemon [_thread_in_vm, id=12712, stack(0x00000067f2c00000,0x00000067f2d00000)]
  0x000001d4735d9c90 JavaThread "HttpClient-1-Worker-1" daemon [_thread_blocked, id=15948, stack(0x00000067f2d00000,0x00000067f2e00000)]
  0x000001d4735b2430 JavaThread "C2 CompilerThread1" daemon [_thread_blocked, id=28144, stack(0x00000067f2e00000,0x00000067f2f00000)]

Other Threads:
  0x000001d472cc04c0 VMThread "VM Thread" [stack: 0x00000067f1a00000,0x00000067f1b00000] [id=28012]
  0x000001d472d3f360 WatcherThread [stack: 0x00000067f2600000,0x00000067f2700000] [id=28096]
  0x000001d449e51500 GCTaskThread "GC Thread#0" [stack: 0x00000067f1500000,0x00000067f1600000] [id=10120]
  0x000001d449e5e350 ConcurrentGCThread "G1 Main Marker" [stack: 0x00000067f1600000,0x00000067f1700000] [id=14640]
  0x000001d46fc447e0 ConcurrentGCThread "G1 Conc#0" [stack: 0x00000067f1700000,0x00000067f1800000] [id=8696]
  0x000001d46fd31510 ConcurrentGCThread "G1 Refine#0" [stack: 0x00000067f1800000,0x00000067f1900000] [id=12492]
  0x000001d46fd31f40 ConcurrentGCThread "G1 Service" [stack: 0x00000067f1900000,0x00000067f1a00000] [id=4756]

Threads with active compile tasks:

VM state: not at safepoint (normal execution)

VM Mutex/Monitor currently owned by a thread:  ([mutex/lock_event])
[0x000001d447cab940] Metaspace_lock - owner thread: 0x000001d473599010

Heap address: 0x0000000602800000, size: 8152 MB, Compressed Oops mode: Zero based, Oop shift amount: 3

CDS archive(s) not mapped
Compressed class space mapped at: 0x0000000800000000-0x0000000840000000, reserved size: 1073741824
Narrow klass base: 0x0000000800000000, Narrow klass shift: 0, Narrow klass range: 0x40000000

GC Precious Log:
 CPUs: 16 total, 16 available
 Memory: 32606M
 Large Page Support: Disabled
 NUMA Support: Disabled
 Compressed Oops: Enabled (Zero based)
 Heap Region Size: 4M
 Heap Min Capacity: 8M
 Heap Initial Capacity: 512M
 Heap Max Capacity: 8152M
 Pre-touch: Disabled
 Parallel Workers: 13
 Concurrent Workers: 3
 Concurrent Refinement Workers: 13
 Periodic GC: Disabled

Heap:
 garbage-first heap   total 524288K, used 12288K [0x0000000602800000, 0x0000000800000000)
  region size 4096K, 4 young (16384K), 0 survivors (0K)
 Metaspace       used 15863K, committed 16064K, reserved 1114112K
  class space    used 1655K, committed 1792K, reserved 1048576K

Heap Regions: E=young(eden), S=young(survivor), O=old, HS=humongous(starts), HC=humongous(continues), CS=collection set, F=free, OA=open archive, CA=closed archive, TAMS=top-at-mark-start (previous, next)
|   0|0x0000000602800000, 0x0000000602800000, 0x0000000602c00000|  0%| F|  |TAMS 0x0000000602800000, 0x0000000602800000| Untracked 
|   1|0x0000000602c00000, 0x0000000602c00000, 0x0000000603000000|  0%| F|  |TAMS 0x0000000602c00000, 0x0000000602c00000| Untracked 
|   2|0x0000000603000000, 0x0000000603000000, 0x0000000603400000|  0%| F|  |TAMS 0x0000000603000000, 0x0000000603000000| Untracked 
|   3|0x0000000603400000, 0x0000000603400000, 0x0000000603800000|  0%| F|  |TAMS 0x0000000603400000, 0x0000000603400000| Untracked 
|   4|0x0000000603800000, 0x0000000603800000, 0x0000000603c00000|  0%| F|  |TAMS 0x0000000603800000, 0x0000000603800000| Untracked 
|   5|0x0000000603c00000, 0x0000000603c00000, 0x0000000604000000|  0%| F|  |TAMS 0x0000000603c00000, 0x0000000603c00000| Untracked 
|   6|0x0000000604000000, 0x0000000604000000, 0x0000000604400000|  0%| F|  |TAMS 0x0000000604000000, 0x0000000604000000| Untracked 
|   7|0x0000000604400000, 0x0000000604400000, 0x0000000604800000|  0%| F|  |TAMS 0x0000000604400000, 0x0000000604400000| Untracked 
|   8|0x0000000604800000, 0x0000000604800000, 0x0000000604c00000|  0%| F|  |TAMS 0x0000000604800000, 0x0000000604800000| Untracked 
|   9|0x0000000604c00000, 0x0000000604c00000, 0x0000000605000000|  0%| F|  |TAMS 0x0000000604c00000, 0x0000000604c00000| Untracked 
|  10|0x0000000605000000, 0x0000000605000000, 0x0000000605400000|  0%| F|  |TAMS 0x0000000605000000, 0x0000000605000000| Untracked 
|  11|0x0000000605400000, 0x0000000605400000, 0x0000000605800000|  0%| F|  |TAMS 0x0000000605400000, 0x0000000605400000| Untracked 
|  12|0x0000000605800000, 0x0000000605800000, 0x0000000605c00000|  0%| F|  |TAMS 0x0000000605800000, 0x0000000605800000| Untracked 
|  13|0x0000000605c00000, 0x0000000605c00000, 0x0000000606000000|  0%| F|  |TAMS 0x0000000605c00000, 0x0000000605c00000| Untracked 
|  14|0x0000000606000000, 0x0000000606000000, 0x0000000606400000|  0%| F|  |TAMS 0x0000000606000000, 0x0000000606000000| Untracked 
|  15|0x0000000606400000, 0x0000000606400000, 0x0000000606800000|  0%| F|  |TAMS 0x0000000606400000, 0x0000000606400000| Untracked 
|  16|0x0000000606800000, 0x0000000606800000, 0x0000000606c00000|  0%| F|  |TAMS 0x0000000606800000, 0x0000000606800000| Untracked 
|  17|0x0000000606c00000, 0x0000000606c00000, 0x0000000607000000|  0%| F|  |TAMS 0x0000000606c00000, 0x0000000606c00000| Untracked 
|  18|0x0000000607000000, 0x0000000607000000, 0x0000000607400000|  0%| F|  |TAMS 0x0000000607000000, 0x0000000607000000| Untracked 
|  19|0x0000000607400000, 0x0000000607400000, 0x0000000607800000|  0%| F|  |TAMS 0x0000000607400000, 0x0000000607400000| Untracked 
|  20|0x0000000607800000, 0x0000000607800000, 0x0000000607c00000|  0%| F|  |TAMS 0x0000000607800000, 0x0000000607800000| Untracked 
|  21|0x0000000607c00000, 0x0000000607c00000, 0x0000000608000000|  0%| F|  |TAMS 0x0000000607c00000, 0x0000000607c00000| Untracked 
|  22|0x0000000608000000, 0x0000000608000000, 0x0000000608400000|  0%| F|  |TAMS 0x0000000608000000, 0x0000000608000000| Untracked 
|  23|0x0000000608400000, 0x0000000608400000, 0x0000000608800000|  0%| F|  |TAMS 0x0000000608400000, 0x0000000608400000| Untracked 
|  24|0x0000000608800000, 0x0000000608800000, 0x0000000608c00000|  0%| F|  |TAMS 0x0000000608800000, 0x0000000608800000| Untracked 
|  25|0x0000000608c00000, 0x0000000608c00000, 0x0000000609000000|  0%| F|  |TAMS 0x0000000608c00000, 0x0000000608c00000| Untracked 
|  26|0x0000000609000000, 0x0000000609000000, 0x0000000609400000|  0%| F|  |TAMS 0x0000000609000000, 0x0000000609000000| Untracked 
|  27|0x0000000609400000, 0x0000000609400000, 0x0000000609800000|  0%| F|  |TAMS 0x0000000609400000, 0x0000000609400000| Untracked 
|  28|0x0000000609800000, 0x0000000609800000, 0x0000000609c00000|  0%| F|  |TAMS 0x0000000609800000, 0x0000000609800000| Untracked 
|  29|0x0000000609c00000, 0x0000000609c00000, 0x000000060a000000|  0%| F|  |TAMS 0x0000000609c00000, 0x0000000609c00000| Untracked 
|  30|0x000000060a000000, 0x000000060a000000, 0x000000060a400000|  0%| F|  |TAMS 0x000000060a000000, 0x000000060a000000| Untracked 
|  31|0x000000060a400000, 0x000000060a400000, 0x000000060a800000|  0%| F|  |TAMS 0x000000060a400000, 0x000000060a400000| Untracked 
|  32|0x000000060a800000, 0x000000060a800000, 0x000000060ac00000|  0%| F|  |TAMS 0x000000060a800000, 0x000000060a800000| Untracked 
|  33|0x000000060ac00000, 0x000000060ac00000, 0x000000060b000000|  0%| F|  |TAMS 0x000000060ac00000, 0x000000060ac00000| Untracked 
|  34|0x000000060b000000, 0x000000060b000000, 0x000000060b400000|  0%| F|  |TAMS 0x000000060b000000, 0x000000060b000000| Untracked 
|  35|0x000000060b400000, 0x000000060b400000, 0x000000060b800000|  0%| F|  |TAMS 0x000000060b400000, 0x000000060b400000| Untracked 
|  36|0x000000060b800000, 0x000000060b800000, 0x000000060bc00000|  0%| F|  |TAMS 0x000000060b800000, 0x000000060b800000| Untracked 
|  37|0x000000060bc00000, 0x000000060bc00000, 0x000000060c000000|  0%| F|  |TAMS 0x000000060bc00000, 0x000000060bc00000| Untracked 
|  38|0x000000060c000000, 0x000000060c000000, 0x000000060c400000|  0%| F|  |TAMS 0x000000060c000000, 0x000000060c000000| Untracked 
|  39|0x000000060c400000, 0x000000060c400000, 0x000000060c800000|  0%| F|  |TAMS 0x000000060c400000, 0x000000060c400000| Untracked 
|  40|0x000000060c800000, 0x000000060c800000, 0x000000060cc00000|  0%| F|  |TAMS 0x000000060c800000, 0x000000060c800000| Untracked 
|  41|0x000000060cc00000, 0x000000060cc00000, 0x000000060d000000|  0%| F|  |TAMS 0x000000060cc00000, 0x000000060cc00000| Untracked 
|  42|0x000000060d000000, 0x000000060d000000, 0x000000060d400000|  0%| F|  |TAMS 0x000000060d000000, 0x000000060d000000| Untracked 
|  43|0x000000060d400000, 0x000000060d400000, 0x000000060d800000|  0%| F|  |TAMS 0x000000060d400000, 0x000000060d400000| Untracked 
|  44|0x000000060d800000, 0x000000060d800000, 0x000000060dc00000|  0%| F|  |TAMS 0x000000060d800000, 0x000000060d800000| Untracked 
|  45|0x000000060dc00000, 0x000000060dc00000, 0x000000060e000000|  0%| F|  |TAMS 0x000000060dc00000, 0x000000060dc00000| Untracked 
|  46|0x000000060e000000, 0x000000060e000000, 0x000000060e400000|  0%| F|  |TAMS 0x000000060e000000, 0x000000060e000000| Untracked 
|  47|0x000000060e400000, 0x000000060e400000, 0x000000060e800000|  0%| F|  |TAMS 0x000000060e400000, 0x000000060e400000| Untracked 
|  48|0x000000060e800000, 0x000000060e800000, 0x000000060ec00000|  0%| F|  |TAMS 0x000000060e800000, 0x000000060e800000| Untracked 
|  49|0x000000060ec00000, 0x000000060ec00000, 0x000000060f000000|  0%| F|  |TAMS 0x000000060ec00000, 0x000000060ec00000| Untracked 
|  50|0x000000060f000000, 0x000000060f000000, 0x000000060f400000|  0%| F|  |TAMS 0x000000060f000000, 0x000000060f000000| Untracked 
|  51|0x000000060f400000, 0x000000060f400000, 0x000000060f800000|  0%| F|  |TAMS 0x000000060f400000, 0x000000060f400000| Untracked 
|  52|0x000000060f800000, 0x000000060f800000, 0x000000060fc00000|  0%| F|  |TAMS 0x000000060f800000, 0x000000060f800000| Untracked 
|  53|0x000000060fc00000, 0x000000060fc00000, 0x0000000610000000|  0%| F|  |TAMS 0x000000060fc00000, 0x000000060fc00000| Untracked 
|  54|0x0000000610000000, 0x0000000610000000, 0x0000000610400000|  0%| F|  |TAMS 0x0000000610000000, 0x0000000610000000| Untracked 
|  55|0x0000000610400000, 0x0000000610400000, 0x0000000610800000|  0%| F|  |TAMS 0x0000000610400000, 0x0000000610400000| Untracked 
|  56|0x0000000610800000, 0x0000000610800000, 0x0000000610c00000|  0%| F|  |TAMS 0x0000000610800000, 0x0000000610800000| Untracked 
|  57|0x0000000610c00000, 0x0000000610c00000, 0x0000000611000000|  0%| F|  |TAMS 0x0000000610c00000, 0x0000000610c00000| Untracked 
|  58|0x0000000611000000, 0x0000000611000000, 0x0000000611400000|  0%| F|  |TAMS 0x0000000611000000, 0x0000000611000000| Untracked 
|  59|0x0000000611400000, 0x0000000611400000, 0x0000000611800000|  0%| F|  |TAMS 0x0000000611400000, 0x0000000611400000| Untracked 
|  60|0x0000000611800000, 0x0000000611800000, 0x0000000611c00000|  0%| F|  |TAMS 0x0000000611800000, 0x0000000611800000| Untracked 
|  61|0x0000000611c00000, 0x0000000611c00000, 0x0000000612000000|  0%| F|  |TAMS 0x0000000611c00000, 0x0000000611c00000| Untracked 
|  62|0x0000000612000000, 0x0000000612000000, 0x0000000612400000|  0%| F|  |TAMS 0x0000000612000000, 0x0000000612000000| Untracked 
|  63|0x0000000612400000, 0x0000000612400000, 0x0000000612800000|  0%| F|  |TAMS 0x0000000612400000, 0x0000000612400000| Untracked 
|  64|0x0000000612800000, 0x0000000612800000, 0x0000000612c00000|  0%| F|  |TAMS 0x0000000612800000, 0x0000000612800000| Untracked 
|  65|0x0000000612c00000, 0x0000000612c00000, 0x0000000613000000|  0%| F|  |TAMS 0x0000000612c00000, 0x0000000612c00000| Untracked 
|  66|0x0000000613000000, 0x0000000613000000, 0x0000000613400000|  0%| F|  |TAMS 0x0000000613000000, 0x0000000613000000| Untracked 
|  67|0x0000000613400000, 0x0000000613400000, 0x0000000613800000|  0%| F|  |TAMS 0x0000000613400000, 0x0000000613400000| Untracked 
|  68|0x0000000613800000, 0x0000000613800000, 0x0000000613c00000|  0%| F|  |TAMS 0x0000000613800000, 0x0000000613800000| Untracked 
|  69|0x0000000613c00000, 0x0000000613c00000, 0x0000000614000000|  0%| F|  |TAMS 0x0000000613c00000, 0x0000000613c00000| Untracked 
|  70|0x0000000614000000, 0x0000000614000000, 0x0000000614400000|  0%| F|  |TAMS 0x0000000614000000, 0x0000000614000000| Untracked 
|  71|0x0000000614400000, 0x0000000614400000, 0x0000000614800000|  0%| F|  |TAMS 0x0000000614400000, 0x0000000614400000| Untracked 
|  72|0x0000000614800000, 0x0000000614800000, 0x0000000614c00000|  0%| F|  |TAMS 0x0000000614800000, 0x0000000614800000| Untracked 
|  73|0x0000000614c00000, 0x0000000614c00000, 0x0000000615000000|  0%| F|  |TAMS 0x0000000614c00000, 0x0000000614c00000| Untracked 
|  74|0x0000000615000000, 0x0000000615000000, 0x0000000615400000|  0%| F|  |TAMS 0x0000000615000000, 0x0000000615000000| Untracked 
|  75|0x0000000615400000, 0x0000000615400000, 0x0000000615800000|  0%| F|  |TAMS 0x0000000615400000, 0x0000000615400000| Untracked 
|  76|0x0000000615800000, 0x0000000615800000, 0x0000000615c00000|  0%| F|  |TAMS 0x0000000615800000, 0x0000000615800000| Untracked 
|  77|0x0000000615c00000, 0x0000000615c00000, 0x0000000616000000|  0%| F|  |TAMS 0x0000000615c00000, 0x0000000615c00000| Untracked 
|  78|0x0000000616000000, 0x0000000616000000, 0x0000000616400000|  0%| F|  |TAMS 0x0000000616000000, 0x0000000616000000| Untracked 
|  79|0x0000000616400000, 0x0000000616400000, 0x0000000616800000|  0%| F|  |TAMS 0x0000000616400000, 0x0000000616400000| Untracked 
|  80|0x0000000616800000, 0x0000000616800000, 0x0000000616c00000|  0%| F|  |TAMS 0x0000000616800000, 0x0000000616800000| Untracked 
|  81|0x0000000616c00000, 0x0000000616c00000, 0x0000000617000000|  0%| F|  |TAMS 0x0000000616c00000, 0x0000000616c00000| Untracked 
|  82|0x0000000617000000, 0x0000000617000000, 0x0000000617400000|  0%| F|  |TAMS 0x0000000617000000, 0x0000000617000000| Untracked 
|  83|0x0000000617400000, 0x0000000617400000, 0x0000000617800000|  0%| F|  |TAMS 0x0000000617400000, 0x0000000617400000| Untracked 
|  84|0x0000000617800000, 0x0000000617800000, 0x0000000617c00000|  0%| F|  |TAMS 0x0000000617800000, 0x0000000617800000| Untracked 
|  85|0x0000000617c00000, 0x0000000617c00000, 0x0000000618000000|  0%| F|  |TAMS 0x0000000617c00000, 0x0000000617c00000| Untracked 
|  86|0x0000000618000000, 0x0000000618000000, 0x0000000618400000|  0%| F|  |TAMS 0x0000000618000000, 0x0000000618000000| Untracked 
|  87|0x0000000618400000, 0x0000000618400000, 0x0000000618800000|  0%| F|  |TAMS 0x0000000618400000, 0x0000000618400000| Untracked 
|  88|0x0000000618800000, 0x0000000618800000, 0x0000000618c00000|  0%| F|  |TAMS 0x0000000618800000, 0x0000000618800000| Untracked 
|  89|0x0000000618c00000, 0x0000000618c00000, 0x0000000619000000|  0%| F|  |TAMS 0x0000000618c00000, 0x0000000618c00000| Untracked 
|  90|0x0000000619000000, 0x0000000619000000, 0x0000000619400000|  0%| F|  |TAMS 0x0000000619000000, 0x0000000619000000| Untracked 
|  91|0x0000000619400000, 0x0000000619400000, 0x0000000619800000|  0%| F|  |TAMS 0x0000000619400000, 0x0000000619400000| Untracked 
|  92|0x0000000619800000, 0x0000000619800000, 0x0000000619c00000|  0%| F|  |TAMS 0x0000000619800000, 0x0000000619800000| Untracked 
|  93|0x0000000619c00000, 0x0000000619c00000, 0x000000061a000000|  0%| F|  |TAMS 0x0000000619c00000, 0x0000000619c00000| Untracked 
|  94|0x000000061a000000, 0x000000061a000000, 0x000000061a400000|  0%| F|  |TAMS 0x000000061a000000, 0x000000061a000000| Untracked 
|  95|0x000000061a400000, 0x000000061a400000, 0x000000061a800000|  0%| F|  |TAMS 0x000000061a400000, 0x000000061a400000| Untracked 
|  96|0x000000061a800000, 0x000000061a800000, 0x000000061ac00000|  0%| F|  |TAMS 0x000000061a800000, 0x000000061a800000| Untracked 
|  97|0x000000061ac00000, 0x000000061ac00000, 0x000000061b000000|  0%| F|  |TAMS 0x000000061ac00000, 0x000000061ac00000| Untracked 
|  98|0x000000061b000000, 0x000000061b000000, 0x000000061b400000|  0%| F|  |TAMS 0x000000061b000000, 0x000000061b000000| Untracked 
|  99|0x000000061b400000, 0x000000061b400000, 0x000000061b800000|  0%| F|  |TAMS 0x000000061b400000, 0x000000061b400000| Untracked 
| 100|0x000000061b800000, 0x000000061b800000, 0x000000061bc00000|  0%| F|  |TAMS 0x000000061b800000, 0x000000061b800000| Untracked 
| 101|0x000000061bc00000, 0x000000061bc00000, 0x000000061c000000|  0%| F|  |TAMS 0x000000061bc00000, 0x000000061bc00000| Untracked 
| 102|0x000000061c000000, 0x000000061c000000, 0x000000061c400000|  0%| F|  |TAMS 0x000000061c000000, 0x000000061c000000| Untracked 
| 103|0x000000061c400000, 0x000000061c400000, 0x000000061c800000|  0%| F|  |TAMS 0x000000061c400000, 0x000000061c400000| Untracked 
| 104|0x000000061c800000, 0x000000061c800000, 0x000000061cc00000|  0%| F|  |TAMS 0x000000061c800000, 0x000000061c800000| Untracked 
| 105|0x000000061cc00000, 0x000000061cc00000, 0x000000061d000000|  0%| F|  |TAMS 0x000000061cc00000, 0x000000061cc00000| Untracked 
| 106|0x000000061d000000, 0x000000061d000000, 0x000000061d400000|  0%| F|  |TAMS 0x000000061d000000, 0x000000061d000000| Untracked 
| 107|0x000000061d400000, 0x000000061d400000, 0x000000061d800000|  0%| F|  |TAMS 0x000000061d400000, 0x000000061d400000| Untracked 
| 108|0x000000061d800000, 0x000000061d800000, 0x000000061dc00000|  0%| F|  |TAMS 0x000000061d800000, 0x000000061d800000| Untracked 
| 109|0x000000061dc00000, 0x000000061dc00000, 0x000000061e000000|  0%| F|  |TAMS 0x000000061dc00000, 0x000000061dc00000| Untracked 
| 110|0x000000061e000000, 0x000000061e000000, 0x000000061e400000|  0%| F|  |TAMS 0x000000061e000000, 0x000000061e000000| Untracked 
| 111|0x000000061e400000, 0x000000061e400000, 0x000000061e800000|  0%| F|  |TAMS 0x000000061e400000, 0x000000061e400000| Untracked 
| 112|0x000000061e800000, 0x000000061e800000, 0x000000061ec00000|  0%| F|  |TAMS 0x000000061e800000, 0x000000061e800000| Untracked 
| 113|0x000000061ec00000, 0x000000061ec00000, 0x000000061f000000|  0%| F|  |TAMS 0x000000061ec00000, 0x000000061ec00000| Untracked 
| 114|0x000000061f000000, 0x000000061f000000, 0x000000061f400000|  0%| F|  |TAMS 0x000000061f000000, 0x000000061f000000| Untracked 
| 115|0x000000061f400000, 0x000000061f400000, 0x000000061f800000|  0%| F|  |TAMS 0x000000061f400000, 0x000000061f400000| Untracked 
| 116|0x000000061f800000, 0x000000061f800000, 0x000000061fc00000|  0%| F|  |TAMS 0x000000061f800000, 0x000000061f800000| Untracked 
| 117|0x000000061fc00000, 0x000000061fc00000, 0x0000000620000000|  0%| F|  |TAMS 0x000000061fc00000, 0x000000061fc00000| Untracked 
| 118|0x0000000620000000, 0x0000000620000000, 0x0000000620400000|  0%| F|  |TAMS 0x0000000620000000, 0x0000000620000000| Untracked 
| 119|0x0000000620400000, 0x0000000620400000, 0x0000000620800000|  0%| F|  |TAMS 0x0000000620400000, 0x0000000620400000| Untracked 
| 120|0x0000000620800000, 0x0000000620800000, 0x0000000620c00000|  0%| F|  |TAMS 0x0000000620800000, 0x0000000620800000| Untracked 
| 121|0x0000000620c00000, 0x0000000620c00000, 0x0000000621000000|  0%| F|  |TAMS 0x0000000620c00000, 0x0000000620c00000| Untracked 
| 122|0x0000000621000000, 0x0000000621000000, 0x0000000621400000|  0%| F|  |TAMS 0x0000000621000000, 0x0000000621000000| Untracked 
| 123|0x0000000621400000, 0x0000000621400000, 0x0000000621800000|  0%| F|  |TAMS 0x0000000621400000, 0x0000000621400000| Untracked 
| 124|0x0000000621800000, 0x0000000621aecd88, 0x0000000621c00000| 73%| E|  |TAMS 0x0000000621800000, 0x0000000621800000| Complete 
| 125|0x0000000621c00000, 0x0000000622000000, 0x0000000622000000|100%| E|CS|TAMS 0x0000000621c00000, 0x0000000621c00000| Complete 
| 126|0x0000000622000000, 0x0000000622400000, 0x0000000622400000|100%| E|CS|TAMS 0x0000000622000000, 0x0000000622000000| Complete 
| 127|0x0000000622400000, 0x0000000622800000, 0x0000000622800000|100%| E|CS|TAMS 0x0000000622400000, 0x0000000622400000| Complete 

Card table byte_map: [0x000001d45dda0000,0x000001d45ed90000] _byte_map_base: 0x000001d45ad8c000

Marking Bits (Prev, Next): (CMBitMap*) 0x000001d449e51b20, (CMBitMap*) 0x000001d449e51b60
 Prev Bits: [0x000001d45fd80000, 0x000001d467ce0000)
 Next Bits: [0x000001d467ce0000, 0x000001d46fc40000)

Polling page: 0x000001d447b80000

Metaspace:

Usage:
  Non-class:     13.88 MB used.
      Class:      1.62 MB used.
       Both:     15.49 MB used.

Virtual space:
  Non-class space:       64.00 MB reserved,      13.94 MB ( 22%) committed,  1 nodes.
      Class space:        1.00 GB reserved,       1.75 MB ( <1%) committed,  1 nodes.
             Both:        1.06 GB reserved,      15.69 MB (  1%) committed. 

Chunk freelists:
   Non-Class:  2.01 MB
       Class:  14.23 MB
        Both:  16.24 MB

MaxMetaspaceSize: unlimited
CompressedClassSpaceSize: 1.00 GB
Initial GC threshold: 21.00 MB
Current GC threshold: 21.00 MB
CDS: off
MetaspaceReclaimPolicy: balanced
 - commit_granule_bytes: 65536.
 - commit_granule_words: 8192.
 - virtual_space_node_default_size: 8388608.
 - enlarge_chunks_in_place: 1.
 - new_chunks_are_fully_committed: 0.
 - uncommit_free_chunks: 1.
 - use_allocation_guard: 0.
 - handle_deallocations: 1.


Internal statistics:

num_allocs_failed_limit: 0.
num_arena_births: 124.
num_arena_deaths: 0.
num_vsnodes_births: 2.
num_vsnodes_deaths: 0.
num_space_committed: 251.
num_space_uncommitted: 0.
num_chunks_returned_to_freelist: 0.
num_chunks_taken_from_freelist: 256.
num_chunk_merges: 0.
num_chunk_splits: 144.
num_chunks_enlarged: 93.
num_inconsistent_stats: 0.

CodeHeap 'non-profiled nmethods': size=119168Kb used=316Kb max_used=316Kb free=118851Kb
 bounds [0x000001d4550d0000, 0x000001d455340000, 0x000001d45c530000]
CodeHeap 'profiled nmethods': size=119104Kb used=1887Kb max_used=1887Kb free=117216Kb
 bounds [0x000001d44d530000, 0x000001d44d7a0000, 0x000001d454980000]
CodeHeap 'non-nmethods': size=7488Kb used=2879Kb max_used=2895Kb free=4608Kb
 bounds [0x000001d454980000, 0x000001d454c60000, 0x000001d4550d0000]
 total_blobs=1592 nmethods=1104 adapters=398
 compilation: enabled
              stopped_count=0, restarted_count=0
 full_count=0

Compilation events (20 events):
Event: 1.057 Thread 0x000001d4735b2430 nmethod 1093 0x000001d45511c490 code [0x000001d45511c640, 0x000001d45511c7b8]
Event: 1.058 Thread 0x000001d4735b2430 1094       4       sun.security.util.math.intpoly.IntegerPolynomial$MutableElement::setValue (6 bytes)
Event: 1.058 Thread 0x000001d4735b2430 nmethod 1094 0x000001d45511c990 code [0x000001d45511cb20, 0x000001d45511cc98]
Event: 1.058 Thread 0x000001d4735b2430 1095       4       sun.security.util.math.intpoly.IntegerPolynomial$MutableElement::setValue (33 bytes)
Event: 1.058 Thread 0x000001d4732d1560 1097       3       sun.security.provider.SHA2::implCompress0 (490 bytes)
Event: 1.059 Thread 0x000001d472d3ae50 1098       3       java.security.Provider::ensureLegacyParsed (123 bytes)
Event: 1.059 Thread 0x000001d4732d1560 nmethod 1097 0x000001d44d705010 code [0x000001d44d705200, 0x000001d44d705ac8]
Event: 1.059 Thread 0x000001d4735b2430 nmethod 1095 0x000001d45511ce10 code [0x000001d45511cfa0, 0x000001d45511d118]
Event: 1.059 Thread 0x000001d4735b2430 1096       4       sun.security.util.math.intpoly.IntegerPolynomial$MutableElement::setProduct (31 bytes)
Event: 1.059 Thread 0x000001d472d3ae50 nmethod 1098 0x000001d44d705f90 code [0x000001d44d706220, 0x000001d44d707008]
Event: 1.060 Thread 0x000001d4735b2430 nmethod 1096 0x000001d45511d290 code [0x000001d45511d440, 0x000001d45511d5b8]
Event: 1.060 Thread 0x000001d472d3ae50 1099       3       jdk.internal.reflect.ClassFileAssembler::emitByte (11 bytes)
Event: 1.060 Thread 0x000001d472eb66e0 1100       3       jdk.internal.reflect.ByteVectorImpl::add (38 bytes)
Event: 1.060 Thread 0x000001d472d3ae50 nmethod 1099 0x000001d44d707310 code [0x000001d44d7074c0, 0x000001d44d707668]
Event: 1.060 Thread 0x000001d472eb66e0 nmethod 1100 0x000001d44d707790 code [0x000001d44d707940, 0x000001d44d707b28]
Event: 1.060 Thread 0x000001d472d3a450 nmethod 1087 0x000001d45511d710 code [0x000001d45511d8c0, 0x000001d45511deb8]
Event: 1.061 Thread 0x000001d4735b2430 1101       4       java.util.concurrent.ConcurrentHashMap::get (162 bytes)
Event: 1.062 Thread 0x000001d4732d1560 1102       1       java.util.concurrent.locks.AbstractOwnableSynchronizer::setExclusiveOwnerThread (6 bytes)
Event: 1.062 Thread 0x000001d4732d1560 nmethod 1102 0x000001d45511e210 code [0x000001d45511e3a0, 0x000001d45511e4b8]
Event: 1.064 Thread 0x000001d4735b2430 nmethod 1101 0x000001d45511eb10 code [0x000001d45511eca0, 0x000001d45511efb8]

GC Heap History (0 events):
No events

Dll operation events (1 events):
Event: 0.009 Loaded shared library C:\Program Files\JetBrains\PyCharm Community Edition 2024.1.4\jbr\bin\java.dll

Deoptimization events (20 events):
Event: 0.762 Thread 0x000001d4734e1eb0 Uncommon trap: trap_request=0xffffff45 fr.pc=0x000001d4550f3980 relative=0x00000000000002c0
Event: 0.762 Thread 0x000001d4734e1eb0 Uncommon trap: reason=unstable_if action=reinterpret pc=0x000001d4550f3980 method=java.lang.invoke.VarHandle.checkExactAccessMode(Ljava/lang/invoke/VarHandle$AccessDescriptor;)V @ 4 c2
Event: 0.762 Thread 0x000001d4734e1eb0 DEOPT PACKING pc=0x000001d4550f3980 sp=0x00000067f2aff280
Event: 0.762 Thread 0x000001d4734e1eb0 DEOPT UNPACKING pc=0x000001d4549d69a3 sp=0x00000067f2aff1f0 mode 2
Event: 1.054 Thread 0x000001d473599010 Uncommon trap: trap_request=0xffffffbe fr.pc=0x000001d455118728 relative=0x00000000000002e8
Event: 1.054 Thread 0x000001d473599010 Uncommon trap: reason=profile_predicate action=maybe_recompile pc=0x000001d455118728 method=java.util.regex.Pattern$SliceI.match(Ljava/util/regex/Matcher;ILjava/lang/CharSequence;)Z @ 18 c2
Event: 1.054 Thread 0x000001d473599010 DEOPT PACKING pc=0x000001d455118728 sp=0x00000067f2cfe230
Event: 1.054 Thread 0x000001d473599010 DEOPT UNPACKING pc=0x000001d4549d69a3 sp=0x00000067f2cfe1a8 mode 2
Event: 1.054 Thread 0x000001d473599010 Uncommon trap: trap_request=0xffffffbe fr.pc=0x000001d455118728 relative=0x00000000000002e8
Event: 1.054 Thread 0x000001d473599010 Uncommon trap: reason=profile_predicate action=maybe_recompile pc=0x000001d455118728 method=java.util.regex.Pattern$SliceI.match(Ljava/util/regex/Matcher;ILjava/lang/CharSequence;)Z @ 18 c2
Event: 1.054 Thread 0x000001d473599010 DEOPT PACKING pc=0x000001d455118728 sp=0x00000067f2cfe230
Event: 1.054 Thread 0x000001d473599010 DEOPT UNPACKING pc=0x000001d4549d69a3 sp=0x00000067f2cfe1a8 mode 2
Event: 1.054 Thread 0x000001d473599010 Uncommon trap: trap_request=0xffffffbe fr.pc=0x000001d455118728 relative=0x00000000000002e8
Event: 1.054 Thread 0x000001d473599010 Uncommon trap: reason=profile_predicate action=maybe_recompile pc=0x000001d455118728 method=java.util.regex.Pattern$SliceI.match(Ljava/util/regex/Matcher;ILjava/lang/CharSequence;)Z @ 18 c2
Event: 1.054 Thread 0x000001d473599010 DEOPT PACKING pc=0x000001d455118728 sp=0x00000067f2cfe230
Event: 1.054 Thread 0x000001d473599010 DEOPT UNPACKING pc=0x000001d4549d69a3 sp=0x00000067f2cfe1a8 mode 2
Event: 1.054 Thread 0x000001d473599010 Uncommon trap: trap_request=0xffffffbe fr.pc=0x000001d455118728 relative=0x00000000000002e8
Event: 1.054 Thread 0x000001d473599010 Uncommon trap: reason=profile_predicate action=maybe_recompile pc=0x000001d455118728 method=java.util.regex.Pattern$SliceI.match(Ljava/util/regex/Matcher;ILjava/lang/CharSequence;)Z @ 18 c2
Event: 1.054 Thread 0x000001d473599010 DEOPT PACKING pc=0x000001d455118728 sp=0x00000067f2cfe1a0
Event: 1.054 Thread 0x000001d473599010 DEOPT UNPACKING pc=0x000001d4549d69a3 sp=0x00000067f2cfe118 mode 2

Classes unloaded (0 events):
No events

Classes redefined (0 events):
No events

Internal exceptions (20 events):
Event: 0.340 Thread 0x000001d449da4110 Exception <a 'java/lang/NoSuchMethodError'{0x0000000622019628}: 'int java.lang.invoke.DirectMethodHandle$Holder.invokeStaticInit(java.lang.Object, java.lang.Object)'> (0x0000000622019628) 
thrown [s\src\hotspot\share\interpreter\linkResolver.cpp, line 771]
Event: 0.373 Thread 0x000001d449da4110 Exception <a 'java/lang/NoSuchMethodError'{0x0000000622100778}: 'java.lang.Object java.lang.invoke.DirectMethodHandle$Holder.invokeStaticInit(java.lang.Object, int, int, int, int)'> (0x0000000622100778) 
thrown [s\src\hotspot\share\interpreter\linkResolver.cpp, line 771]
Event: 0.478 Thread 0x000001d449da4110 Exception <a 'java/lang/NoSuchMethodError'{0x000000062221ec68}: 'java.lang.Object java.lang.invoke.DirectMethodHandle$Holder.invokeStaticInit(java.lang.Object, java.lang.Object, int, int, int, int)'> (0x000000062221ec68) 
thrown [s\src\hotspot\share\interpreter\linkResolver.cpp, line 771]
Event: 0.490 Thread 0x000001d449da4110 Exception <a 'java/lang/NoSuchMethodError'{0x00000006222887c0}: 'java.lang.Object java.lang.invoke.DirectMethodHandle$Holder.invokeStatic(java.lang.Object, java.lang.Object, int)'> (0x00000006222887c0) 
thrown [s\src\hotspot\share\interpreter\linkResolver.cpp, line 771]
Event: 0.490 Thread 0x000001d449da4110 Exception <a 'java/lang/NoSuchMethodError'{0x000000062228bf38}: 'java.lang.Object java.lang.invoke.DirectMethodHandle$Holder.invokeStaticInit(java.lang.Object, java.lang.Object, int)'> (0x000000062228bf38) 
thrown [s\src\hotspot\share\interpreter\linkResolver.cpp, line 771]
Event: 0.492 Thread 0x000001d449da4110 Exception <a 'java/lang/NoSuchMethodError'{0x00000006222922e8}: 'java.lang.Object java.lang.invoke.DirectMethodHandle$Holder.newInvokeSpecial(java.lang.Object, java.lang.Object, int)'> (0x00000006222922e8) 
thrown [s\src\hotspot\share\interpreter\linkResolver.cpp, line 771]
Event: 0.496 Thread 0x000001d449da4110 Exception <a 'java/lang/NoSuchMethodError'{0x00000006222a1b58}: 'int java.lang.invoke.DirectMethodHandle$Holder.invokeStaticInit(java.lang.Object, java.lang.Object, java.lang.Object)'> (0x00000006222a1b58) 
thrown [s\src\hotspot\share\interpreter\linkResolver.cpp, line 771]
Event: 0.499 Thread 0x000001d449da4110 Exception <a 'java/lang/NoSuchMethodError'{0x00000006222b1d38}: 'int java.lang.invoke.DirectMethodHandle$Holder.invokeSpecial(java.lang.Object, java.lang.Object, java.lang.Object)'> (0x00000006222b1d38) 
thrown [s\src\hotspot\share\interpreter\linkResolver.cpp, line 771]
Event: 0.500 Thread 0x000001d449da4110 Exception <a 'java/lang/NoSuchMethodError'{0x00000006222ba118}: 'int java.lang.invoke.DirectMethodHandle$Holder.invokeSpecialIFC(java.lang.Object, java.lang.Object, java.lang.Object)'> (0x00000006222ba118) 
thrown [s\src\hotspot\share\interpreter\linkResolver.cpp, line 771]
Event: 0.541 Thread 0x000001d449da4110 Exception <a 'java/lang/NoSuchMethodError'{0x00000006223c0c18}: 'java.lang.Object java.lang.invoke.DirectMethodHandle$Holder.invokeStaticInit(java.lang.Object)'> (0x00000006223c0c18) 
thrown [s\src\hotspot\share\interpreter\linkResolver.cpp, line 771]
Event: 0.685 Thread 0x000001d449da4110 Exception <a 'java/lang/NoSuchMethodError'{0x0000000621d5e338}: 'java.lang.Object java.lang.invoke.DirectMethodHandle$Holder.newInvokeSpecial(java.lang.Object, java.lang.Object, java.lang.Object, java.lang.Object, java.lang.Object)'> (0x0000000621d5e338) 
thrown [s\src\hotspot\share\interpreter\linkResolver.cpp, line 771]
Event: 0.742 Thread 0x000001d449da4110 Exception <a 'java/lang/NoSuchMethodError'{0x0000000621f66ef8}: 'java.lang.Object java.lang.invoke.DirectMethodHandle$Holder.invokeSpecial(java.lang.Object, java.lang.Object, java.lang.Object, java.lang.Object, int)'> (0x0000000621f66ef8) 
thrown [s\src\hotspot\share\interpreter\linkResolver.cpp, line 771]
Event: 0.742 Thread 0x000001d449da4110 Exception <a 'java/lang/NoSuchMethodError'{0x0000000621f6aac0}: 'java.lang.Object java.lang.invoke.Invokers$Holder.linkToTargetMethod(java.lang.Object, java.lang.Object, int, java.lang.Object)'> (0x0000000621f6aac0) 
thrown [s\src\hotspot\share\interpreter\linkResolver.cpp, line 771]
Event: 0.749 Thread 0x000001d449da4110 Exception <a 'java/lang/NoSuchMethodError'{0x0000000621fc8920}: 'void java.lang.invoke.DirectMethodHandle$Holder.invokeSpecial(java.lang.Object, java.lang.Object, java.lang.Object)'> (0x0000000621fc8920) 
thrown [s\src\hotspot\share\interpreter\linkResolver.cpp, line 771]
Event: 0.763 Thread 0x000001d449da4110 Exception <a 'java/lang/NoSuchMethodError'{0x000000062184f610}: 'void java.lang.invoke.DirectMethodHandle$Holder.invokeSpecial(java.lang.Object, java.lang.Object, java.lang.Object, java.lang.Object, java.lang.Object)'> (0x000000062184f610) 
thrown [s\src\hotspot\share\interpreter\linkResolver.cpp, line 771]
Event: 0.764 Thread 0x000001d4734e1eb0 Exception <a 'java/lang/NoSuchMethodError'{0x0000000621eb3508}: 'void java.lang.invoke.DirectMethodHandle$Holder.invokeStatic(java.lang.Object, java.lang.Object, int)'> (0x0000000621eb3508) 
thrown [s\src\hotspot\share\interpreter\linkResolver.cpp, line 771]
Event: 0.846 Thread 0x000001d473599010 Exception <a 'java/lang/NoSuchMethodError'{0x00000006218a4598}: 'void java.lang.invoke.DirectMethodHandle$Holder.invokeInterface(java.lang.Object, java.lang.Object, java.lang.Object)'> (0x00000006218a4598) 
thrown [s\src\hotspot\share\interpreter\linkResolver.cpp, line 771]
Event: 0.848 Thread 0x000001d473599010 Exception <a 'java/lang/NoSuchMethodError'{0x00000006218baa80}: 'int java.lang.invoke.DirectMethodHandle$Holder.invokeStaticInit(java.lang.Object, int, int)'> (0x00000006218baa80) 
thrown [s\src\hotspot\share\interpreter\linkResolver.cpp, line 771]
Event: 0.852 Thread 0x000001d473599010 Exception <a 'java/lang/NoSuchMethodError'{0x00000006218fe148}: 'void java.lang.invoke.DirectMethodHandle$Holder.invokeVirtual(java.lang.Object, java.lang.Object)'> (0x00000006218fe148) 
thrown [s\src\hotspot\share\interpreter\linkResolver.cpp, line 771]
Event: 1.052 Thread 0x000001d473599010 Exception <a 'java/lang/NoSuchMethodError'{0x0000000621a51628}: 'void java.lang.invoke.DirectMethodHandle$Holder.invokeInterface(java.lang.Object, java.lang.Object)'> (0x0000000621a51628) 
thrown [s\src\hotspot\share\interpreter\linkResolver.cpp, line 771]

VM Operations (8 events):
Event: 0.135 Executing VM operation: HandshakeAllThreads
Event: 0.162 Executing VM operation: HandshakeAllThreads done
Event: 0.181 Executing VM operation: HandshakeAllThreads
Event: 0.181 Executing VM operation: HandshakeAllThreads done
Event: 0.397 Executing VM operation: HandshakeAllThreads
Event: 0.397 Executing VM operation: HandshakeAllThreads done
Event: 0.545 Executing VM operation: HandshakeAllThreads
Event: 0.545 Executing VM operation: HandshakeAllThreads done

Events (20 events):
Event: 1.063 loading class sun/security/ssl/EncryptedExtensions$EncryptedExtensionsMessage
Event: 1.063 loading class sun/security/ssl/EncryptedExtensions$EncryptedExtensionsMessage done
Event: 1.064 loading class sun/security/ssl/CertificateMessage$T13CertificateMessage
Event: 1.064 loading class sun/security/ssl/CertificateMessage$T13CertificateMessage done
Event: 1.064 loading class sun/security/ssl/CertificateMessage$CertificateEntry
Event: 1.064 loading class sun/security/ssl/CertificateMessage$CertificateEntry done
Event: 1.064 loading class java/security/cert/X509Certificate
Event: 1.064 loading class java/security/cert/X509Extension
Event: 1.064 loading class java/security/cert/X509Extension done
Event: 1.064 loading class java/security/cert/X509Certificate done
Event: 1.064 loading class java/security/cert/CertificateFactory
Event: 1.064 loading class java/security/cert/CertificateFactory done
Event: 1.064 loading class java/security/cert/CertificateFactorySpi
Event: 1.064 loading class java/security/cert/CertificateFactorySpi done
Event: 1.064 loading class sun/security/provider/X509Factory
Event: 1.064 loading class sun/security/provider/X509Factory done
Event: 1.064 loading class sun/security/util/Cache$EqualByteArray
Event: 1.064 loading class sun/security/util/Cache$EqualByteArray done
Event: 1.064 loading class sun/security/x509/X509CertImpl
Event: 1.065 loading class sun/security/x509/X509CertImpl done


Dynamic libraries:
0x00007ff7230f0000 - 0x00007ff7230fa000 	C:\Program Files\JetBrains\PyCharm Community Edition 2024.1.4\jbr\bin\java.exe
0x00007fff78250000 - 0x00007fff78448000 	C:\Windows\SYSTEM32\ntdll.dll
0x00007fff764d0000 - 0x00007fff76592000 	C:\Windows\System32\KERNEL32.DLL
0x00007fff75b60000 - 0x00007fff75e5f000 	C:\Windows\System32\KERNELBASE.dll
0x00007fff758f0000 - 0x00007fff759f0000 	C:\Windows\System32\ucrtbase.dll
0x00007fff69ad0000 - 0x00007fff69ae7000 	C:\Program Files\JetBrains\PyCharm Community Edition 2024.1.4\jbr\bin\jli.dll
0x00007fff76920000 - 0x00007fff76abd000 	C:\Windows\System32\USER32.dll
0x00007fff76020000 - 0x00007fff76042000 	C:\Windows\System32\win32u.dll
0x00007fff77ca0000 - 0x00007fff77ccb000 	C:\Windows\System32\GDI32.dll
0x00007fff75e60000 - 0x00007fff75f7a000 	C:\Windows\System32\gdi32full.dll
0x00007fff75f80000 - 0x00007fff7601d000 	C:\Windows\System32\msvcp_win.dll
0x00007fff5ffd0000 - 0x00007fff5ffeb000 	C:\Program Files\JetBrains\PyCharm Community Edition 2024.1.4\jbr\bin\VCRUNTIME140.dll
0x00007fff69740000 - 0x00007fff699da000 	C:\Windows\WinSxS\amd64_microsoft.windows.common-controls_6595b64144ccf1df_6.0.19041.4355_none_60b8b9eb71f62e16\COMCTL32.dll
0x00007fff780c0000 - 0x00007fff7815e000 	C:\Windows\System32\msvcrt.dll
0x00007fff76f40000 - 0x00007fff76f6f000 	C:\Windows\System32\IMM32.DLL
0x00007fff723d0000 - 0x00007fff723dc000 	C:\Program Files\JetBrains\PyCharm Community Edition 2024.1.4\jbr\bin\vcruntime140_1.dll
0x00007fff4fe20000 - 0x00007fff4fead000 	C:\Program Files\JetBrains\PyCharm Community Edition 2024.1.4\jbr\bin\msvcp140.dll
0x00007fff06130000 - 0x00007fff06db3000 	C:\Program Files\JetBrains\PyCharm Community Edition 2024.1.4\jbr\bin\server\jvm.dll
0x00007fff78160000 - 0x00007fff7820f000 	C:\Windows\System32\ADVAPI32.dll
0x00007fff766d0000 - 0x00007fff7676f000 	C:\Windows\System32\sechost.dll
0x00007fff762f0000 - 0x00007fff76413000 	C:\Windows\System32\RPCRT4.dll
0x00007fff759f0000 - 0x00007fff75a17000 	C:\Windows\System32\bcrypt.dll
0x00007fff75750000 - 0x00007fff7579b000 	C:\Windows\SYSTEM32\POWRPROF.dll
0x00007fff4e200000 - 0x00007fff4e209000 	C:\Windows\SYSTEM32\WSOCK32.dll
0x00007fff6e4b0000 - 0x00007fff6e4d7000 	C:\Windows\SYSTEM32\WINMM.dll
0x00007fff77d30000 - 0x00007fff77d9b000 	C:\Windows\System32\WS2_32.dll
0x00007fff71bb0000 - 0x00007fff71bba000 	C:\Windows\SYSTEM32\VERSION.dll
0x00007fff75730000 - 0x00007fff75742000 	C:\Windows\SYSTEM32\UMPDC.dll
0x00007fff73790000 - 0x00007fff737a2000 	C:\Windows\SYSTEM32\kernel.appcore.dll
0x00007fff72440000 - 0x00007fff7244a000 	C:\Program Files\JetBrains\PyCharm Community Edition 2024.1.4\jbr\bin\jimage.dll
0x00007fff62670000 - 0x00007fff62854000 	C:\Windows\SYSTEM32\DBGHELP.DLL
0x00007fff53ee0000 - 0x00007fff53f14000 	C:\Windows\SYSTEM32\dbgcore.DLL
0x00007fff75ad0000 - 0x00007fff75b52000 	C:\Windows\System32\bcryptPrimitives.dll
0x00007fff6c290000 - 0x00007fff6c2b5000 	C:\Program Files\JetBrains\PyCharm Community Edition 2024.1.4\jbr\bin\java.dll
0x00007fff6d520000 - 0x00007fff6d538000 	C:\Program Files\JetBrains\PyCharm Community Edition 2024.1.4\jbr\bin\zip.dll
0x00007fff76f70000 - 0x00007fff776dd000 	C:\Windows\System32\SHELL32.dll
0x00007fff73990000 - 0x00007fff74134000 	C:\Windows\SYSTEM32\windows.storage.dll
0x00007fff77770000 - 0x00007fff77ac5000 	C:\Windows\System32\combase.dll
0x00007fff75250000 - 0x00007fff7527f000 	C:\Windows\SYSTEM32\Wldp.dll
0x00007fff77ad0000 - 0x00007fff77b9d000 	C:\Windows\System32\OLEAUT32.dll
0x00007fff76420000 - 0x00007fff764cd000 	C:\Windows\System32\SHCORE.dll
0x00007fff77cd0000 - 0x00007fff77d25000 	C:\Windows\System32\shlwapi.dll
0x00007fff75820000 - 0x00007fff75844000 	C:\Windows\SYSTEM32\profapi.dll
0x00007fff69be0000 - 0x00007fff69bf9000 	C:\Program Files\JetBrains\PyCharm Community Edition 2024.1.4\jbr\bin\net.dll
0x00007fff706f0000 - 0x00007fff707fa000 	C:\Windows\SYSTEM32\WINHTTP.dll
0x00007fff74fb0000 - 0x00007fff7501c000 	C:\Windows\system32\mswsock.dll
0x00007fff69bc0000 - 0x00007fff69bd6000 	C:\Program Files\JetBrains\PyCharm Community Edition 2024.1.4\jbr\bin\nio.dll
0x00007fff6ed90000 - 0x00007fff6ed9e000 	C:\Program Files\JetBrains\PyCharm Community Edition 2024.1.4\jbr\bin\sunmscapi.dll
0x00007fff760a0000 - 0x00007fff761fc000 	C:\Windows\System32\CRYPT32.dll
0x00007fff752c0000 - 0x00007fff752e7000 	C:\Windows\SYSTEM32\ncrypt.dll
0x00007fff75280000 - 0x00007fff752bb000 	C:\Windows\SYSTEM32\NTASN1.dll
0x00007fff751a0000 - 0x00007fff751b8000 	C:\Windows\SYSTEM32\CRYPTSP.dll
0x00007fff748d0000 - 0x00007fff74904000 	C:\Windows\system32\rsaenh.dll
0x00007fff757e0000 - 0x00007fff7580e000 	C:\Windows\SYSTEM32\USERENV.dll
0x00007fff751c0000 - 0x00007fff751cc000 	C:\Windows\SYSTEM32\CRYPTBASE.dll
0x00007fff74c90000 - 0x00007fff74ccb000 	C:\Windows\SYSTEM32\IPHLPAPI.DLL
0x00007fff776e0000 - 0x00007fff776e8000 	C:\Windows\System32\NSI.dll
0x00007fff70a00000 - 0x00007fff70a17000 	C:\Windows\SYSTEM32\dhcpcsvc6.DLL
0x00007fff709e0000 - 0x00007fff709fd000 	C:\Windows\SYSTEM32\dhcpcsvc.DLL
0x00007fff74cd0000 - 0x00007fff74d9a000 	C:\Windows\SYSTEM32\DNSAPI.dll
0x00007fff13250000 - 0x00007fff13257000 	C:\Windows\system32\wshunix.dll
0x00007fff6ece0000 - 0x00007fff6ece9000 	C:\Program Files\JetBrains\PyCharm Community Edition 2024.1.4\jbr\bin\extnet.dll

dbghelp: loaded successfully - version: 4.0.5 - missing functions: none
symbol engine: initialized successfully - sym options: 0x614 - pdb path: .;C:\Program Files\JetBrains\PyCharm Community Edition 2024.1.4\jbr\bin;C:\Windows\SYSTEM32;C:\Windows\WinSxS\amd64_microsoft.windows.common-controls_6595b64144ccf1df_6.0.19041.4355_none_60b8b9eb71f62e16;C:\Program Files\JetBrains\PyCharm Community Edition 2024.1.4\jbr\bin\server

VM Arguments:
java_command: git4idea.http.GitAskPassApp Username for 'https://github.com': 
java_class_path (initial): C:/Program Files/JetBrains/PyCharm Community Edition 2024.1.4/plugins/vcs-git/lib/git4idea-rt.jar;C:/Program Files/JetBrains/PyCharm Community Edition 2024.1.4/lib/externalProcess-rt.jar
Launcher Type: SUN_STANDARD

[Global flags]
     intx CICompilerCount                          = 12                                        {product} {ergonomic}
     uint ConcGCThreads                            = 3                                         {product} {ergonomic}
     uint G1ConcRefinementThreads                  = 13                                        {product} {ergonomic}
   size_t G1HeapRegionSize                         = 4194304                                   {product} {ergonomic}
    uintx GCDrainStackTargetSize                   = 64                                        {product} {ergonomic}
   size_t InitialHeapSize                          = 536870912                                 {product} {ergonomic}
   size_t MarkStackSize                            = 4194304                                   {product} {ergonomic}
   size_t MaxHeapSize                              = 8547991552                                {product} {ergonomic}
   size_t MaxNewSize                               = 5125439488                                {product} {ergonomic}
   size_t MinHeapDeltaBytes                        = 4194304                                   {product} {ergonomic}
   size_t MinHeapSize                              = 8388608                                   {product} {ergonomic}
    uintx NonNMethodCodeHeapSize                   = 7602480                                {pd product} {ergonomic}
    uintx NonProfiledCodeHeapSize                  = 122027880                              {pd product} {ergonomic}
    uintx ProfiledCodeHeapSize                     = 122027880                              {pd product} {ergonomic}
    uintx ReservedCodeCacheSize                    = 251658240                              {pd product} {ergonomic}
     bool SegmentedCodeCache                       = true                                      {product} {ergonomic}
   size_t SoftMaxHeapSize                          = 8547991552                             {manageable} {ergonomic}
     bool UseCompressedClassPointers               = true                           {product lp64_product} {ergonomic}
     bool UseCompressedOops                        = true                           {product lp64_product} {ergonomic}
     bool UseG1GC                                  = true                                      {product} {ergonomic}
     bool UseLargePagesIndividualAllocation        = false                                  {pd product} {ergonomic}

Logging:
Log output configuration:
 #0: stdout all=warning uptime,level,tags
 #1: stderr all=off uptime,level,tags

Environment Variables:
PATH=C:/Program Files/Git/mingw64/libexec/git-core;C:/Program Files/Git/mingw64/libexec/git-core;C:\Program Files\Git\mingw64\bin;C:\Program Files\Git\usr\bin;C:\Users\ych\bin;C:\ProgramDatas\Anaconda3\envs\test;C:\ProgramDatas\Anaconda3\envs\test\Library\mingw-w64\bin;C:\ProgramDatas\Anaconda3\envs\test\Library\usr\bin;C:\ProgramDatas\Anaconda3\envs\test\Library\bin;C:\ProgramDatas\Anaconda3\envs\test\Scripts;C:\ProgramDatas\Anaconda3\envs\test\bin;C:\ProgramDatas\Anaconda3\condabin;C:\mentorgraphics\9.5PADS\SDD_HOME\common\win32\bin;C:\mentorgraphics\9.5PADS\SDD_HOME\common\win32\lib;C:\mentorgraphics\9.5PADS\MGC_HOME.ixn\bin;C:\mentorgraphics\9.5PADS\MGC_HOME.ixn\lib;C:\Windows\system32;C:\Windows;C:\Windows\System32\Wbem;C:\Windows\System32\WindowsPowerShell\v1.0;C:\Windows\System32\OpenSSH;C:\Program Files (x86)\NetSarang\Xmanager 7;C:\Program Files (x86)\NetSarang\Xshell 7;C:\Program Files (x86)\NetSarang\Xftp 7;C:\Program Files (x86)\NetSarang\Xlpd 7;C:\Program Files\Git\cmd;C:\Program Files\MATLAB\R2024b\bin;C:\Users\ych\AppData\Local\Programs\Python\Launcher;C:\ProgramDatas\Anaconda3;C:\ProgramDatas\Anaconda3\Library\mingw-w64\bin;C:\ProgramDatas\Anaconda3\Library\usr\bin;C:\ProgramDatas\Anaconda3\Library\bin;C:\ProgramDatas\Anaconda3\Scripts;C:\Users\ych\AppData\Local\Microsoft\WindowsApps;C:\Program Files\JetBrains\PyCharm 2023.3.4\bin;.;C:\MentorGraphics\9.5PADS\SDD_HOME\CAMCAD;C:\MentorGraphics\9.5PADS\SDD_HOME\common\win32\lib;C:\Program Files\JetBrains\PyCharm Community Edition 2024.1.4\bin;.;C:\Users\ych\AppData\Local\Programs\Microsoft VS Code\bin
USERNAME=ych
DISPLAY=:0.0
LC_ALL=en_US.UTF-8
TERM=xterm-256color
TMPDIR=C:\Users\ych\AppData\Local\Temp
OS=Windows_NT
PROCESSOR_IDENTIFIER=Intel64 Family 6 Model 165 Stepping 5, GenuineIntel
TMP=C:\Users\ych\AppData\Local\Temp
TEMP=C:\Users\ych\AppData\Local\Temp



Periodic native trim disabled

JNI global refs:
JNI global refs: 28, weak refs: 0

JNI global refs memory usage: 843, weak refs: 841

Process memory usage:
Resident Set Size: 72300K (0% of 33388608K total physical memory with 12595636K free physical memory)

OOME stack traces (most recent first):
Classloader memory used:
Loader bootstrap                                                                       : 1797K
Loader jdk.internal.loader.ClassLoaders$PlatformClassLoader                            : 182K
Loader jdk.internal.loader.ClassLoaders$AppClassLoader                                 : 1808B
Loader jdk.internal.reflect.DelegatingClassLoader                                      : 432B


---------------  S Y S T E M  ---------------

OS:
 Windows 10 , 64 bit Build 19041 (10.0.19041.5438)
OS uptime: 20 days 15:53 hours

CPU: total 16 (initial active 16) (8 cores per cpu, 2 threads per core) family 6 model 165 stepping 5 microcode 0xc8, cx8, cmov, fxsr, ht, mmx, 3dnowpref, sse, sse2, sse3, ssse3, sse4.1, sse4.2, popcnt, lzcnt, tsc, tscinvbit, avx, avx2, aes, erms, clmul, bmi1, bmi2, adx, fma, vzeroupper, clflush, clflushopt
Processor Information for all 16 processors :
  Max Mhz: 2904, Current Mhz: 2904, Mhz Limit: 2904

Memory: 4k page, system-wide physical 32606M (12296M free)
TotalPageFile size 130910M (AvailPageFile size 3M)
current process WorkingSet (physical memory assigned to process): 70M, peak: 70M
current process commit charge ("private bytes"): 632M, peak: 633M

vm_info: OpenJDK 64-Bit Server VM (17.0.11+1-b1207.24) for windows-amd64 JRE (17.0.11+1-b1207.24), built on 2024-05-15 by "builduser" with MS VC++ 16.10 / 16.11 (VS2019)

END.
